#
# A fatal error has been detected by the Java Runtime Environment:
#
#  Internal Error (javaClasses.cpp:136), pid=3808, tid=5508
#  fatal error: Invalid layout of preloaded class
#
# JRE version:  (7.0_67-b01) (build )
# Java VM: Java HotSpot(TM) Client VM (24.65-b04 mixed mode windows-x86 )
# Failed to write core dump. Minidumps are not enabled by default on client versions of Windows
#
# If you would like to submit a bug report, please visit:
#   http://bugreport.sun.com/bugreport/crash.jsp
#

---------------  T H R E A D  ---------------

Current thread (0x0020c800):  JavaThread "Unknown thread" [_thread_in_vm, id=5508, stack(0x01770000,0x017c0000)]

Stack: [0x01770000,0x017c0000],  sp=0x017bf4fc,  free space=317k
Native frames: (J=compiled Java code, j=interpreted, Vv=VM code, C=native code)
V  [jvm.dll+0x190494]
V  [jvm.dll+0x18a116]
V  [jvm.dll+0x35d7a]
V  [jvm.dll+0x35e06]
V  [jvm.dll+0x4465d]
V  [jvm.dll+0x4490e]
V  [jvm.dll+0x92f8a]
V  [jvm.dll+0x9333b]
V  [jvm.dll+0x13fa31]
V  [jvm.dll+0x1626fc]
V  [jvm.dll+0xc9d6f]
C  [javaw.exe+0x13ce]
C  [javaw.exe+0x1e40]
C  [javaw.exe+0xa601]
C  [javaw.exe+0xa68b]
C  [kernel32.dll+0x4ee1c]
C  [ntdll.dll+0x637eb]
C  [ntdll.dll+0x637be]


---------------  P R O C E S S  ---------------

Java Threads: ( => current thread )

Other Threads:

=>0x0020c800 (exited) JavaThread "Unknown thread" [_thread_in_vm, id=5508, stack(0x01770000,0x017c0000)]

VM state:not at safepoint (not fully initialized)

VM Mutex/Monitor currently owned by a thread: None

GC Heap History (0 events):
No events

Deoptimization events (0 events):
No events

Internal exceptions (0 events):
No events

Events (10 events):
Event: 0.005 loading class 0x01179470 done
Event: 0.005 loading class 0x01178f00 done
Event: 0.005 loading class 0x01178ee0
Event: 0.006 loading class 0x01180260
Event: 0.006 loading class 0x01180260 done
Event: 0.006 loading class 0x01180290
Event: 0.006 loading class 0x01180290 done
Event: 0.006 loading class 0x011802c0
Event: 0.006 loading class 0x011802c0 done
Event: 0.006 loading class 0x01178ee0 done


Dynamic libraries:
0x013a0000 - 0x013cf000 	C:\Program Files\Java\jre7\bin\javaw.exe
0x77c80000 - 0x77dbc000 	C:\Windows\SYSTEM32\ntdll.dll
0x77b50000 - 0x77c24000 	C:\Windows\system32\kernel32.dll
0x75f80000 - 0x75fcb000 	C:\Windows\system32\KERNELBASE.dll
0x77880000 - 0x77920000 	C:\Windows\system32\ADVAPI32.dll
0x77a20000 - 0x77acc000 	C:\Windows\system32\msvcrt.dll
0x77de0000 - 0x77df9000 	C:\Windows\SYSTEM32\sechost.dll
0x77e00000 - 0x77ea2000 	C:\Windows\system32\RPCRT4.dll
0x774f0000 - 0x775b9000 	C:\Windows\system32\USER32.dll
0x76530000 - 0x7657e000 	C:\Windows\system32\GDI32.dll
0x76000000 - 0x7600a000 	C:\Windows\system32\LPK.dll
0x77920000 - 0x779bd000 	C:\Windows\system32\USP10.dll
0x752b0000 - 0x7544e000 	C:\Windows\WinSxS\x86_microsoft.windows.common-controls_6595b64144ccf1df_6.0.7601.17514_none_41e6975e2bd6f2b2\COMCTL32.dll
0x779c0000 - 0x77a17000 	C:\Windows\system32\SHLWAPI.dll
0x77dc0000 - 0x77ddf000 	C:\Windows\system32\IMM32.DLL
0x777b0000 - 0x7787c000 	C:\Windows\system32\MSCTF.dll
0x5c8e0000 - 0x5c99f000 	C:\Program Files\Java\jre7\bin\msvcr100.dll
0x62240000 - 0x625c8000 	C:\Program Files\Java\jre7\bin\client\jvm.dll
0x6acb0000 - 0x6acb7000 	C:\Windows\system32\WSOCK32.dll
0x77770000 - 0x777a5000 	C:\Windows\system32\WS2_32.dll
0x762a0000 - 0x762a6000 	C:\Windows\system32\NSI.dll
0x73b20000 - 0x73b52000 	C:\Windows\system32\WINMM.dll
0x775c0000 - 0x775c5000 	C:\Windows\system32\PSAPI.DLL
0x72620000 - 0x7262c000 	C:\Program Files\Java\jre7\bin\verify.dll
0x72600000 - 0x72620000 	C:\Program Files\Java\jre7\bin\java.dll
0x725e0000 - 0x725f3000 	C:\Program Files\Java\jre7\bin\zip.dll
0x749b0000 - 0x74a9b000 	C:\Windows\system32\dbghelp.dll

VM Arguments:
jvm_args: -Dfile.encoding=Cp1252 -Xbootclasspath:D:\adt-bundle-windows-x86-20140702\sdk\platforms\android-20\android.jar 
java_command: com.example.automataalpha.Node
Launcher Type: SUN_STANDARD

Environment Variables:
PATH=C:/Program Files/Java/jre7/bin/client;C:/Program Files/Java/jre7/bin;C:/Program Files/Java/jre7/lib/i386;C:\oraclexe\app\oracle\product\10.2.0\server\bin;C:\Program Files\NVIDIA Corporation\PhysX\Common;C:\Program Files\Intel\iCLS Client\;C:\Windows\system32;C:\Windows;C:\Windows\System32\Wbem;C:\Windows\System32\WindowsPowerShell\v1.0\;C:\Program Files\Intel\Intel(R) Management Engine Components\DAL;C:\Program Files\Intel\Intel(R) Management Engine Components\IPT;C:\Program Files\Autodesk\Backburner\;C:\Program Files\MySQL\MySQL Server 5.5\bin;D:\PHP;D:\PHP\ext;C:\Python27\Scripts;C:\Python27\;D:\TASM\BIN;C:\Users\RonWill\AppData\Local\nasm;C:\Program Files\Microsoft SQL Server\90\Tools\binn\;C:\Program Files\IVI Foundation\VISA\WinNT\Bin;C:\Program Files\Heroku\bin;C:\Program Files\git\cmd;C:\Program Files\CloudFoundry;C:\Program Files\Java\jdk1.7.0_15\bin;;D:\adt-bundle-windows-x86-20140702\eclipse;
USERNAME=RonWill
OS=Windows_NT
PROCESSOR_IDENTIFIER=x86 Family 6 Model 42 Stepping 7, GenuineIntel



---------------  S Y S T E M  ---------------

OS: Windows 7 Build 7601 Service Pack 1

CPU:total 4 (2 cores per cpu, 2 threads per core) family 6 model 42 stepping 7, cmov, cx8, fxsr, mmx, sse, sse2, sse3, ssse3, sse4.1, sse4.2, popcnt, avx, ht, tsc, tscinvbit

Memory: 4k page, physical 3286776k(1164964k free), swap 6571800k(2540744k free)

vm_info: Java HotSpot(TM) Client VM (24.65-b04) for windows-x86 JRE (1.7.0_67-b01), built on Jul 25 2014 10:20:53 by "java_re" with unknown MS VC++:1600

time: Thu Sep 18 23:30:37 2014
elapsed time: 0 seconds

